{"name": "创建账号", "status": "broken", "statusDetails": {"message": "selenium.common.exceptions.NoSuchWindowException: Message: no such window: target window already closed\nfrom unknown error: web view not found\n  (Session info: chrome=114.0.5735.91)\nStacktrace:\nBacktrace:\n\tGetHandleVerifier [0x0024A813+48355]\n\t(No symbol) [0x001DC4B1]\n\t(No symbol) [0x000E5358]\n\t(No symbol) [0x000CD293]\n\t(No symbol) [0x0012E37B]\n\t(No symbol) [0x0013C473]\n\t(No symbol) [0x0012A536]\n\t(No symbol) [0x001082DC]\n\t(No symbol) [0x001093DD]\n\tGetHandleVerifier [0x004AAABD+2539405]\n\tGetHandleVerifier [0x004EA78F+2800735]\n\tGetHandleVerifier [0x004E456C+2775612]\n\tGetHandleVerifier [0x002D51E0+616112]\n\t(No symbol) [0x001E5F8C]\n\t(No symbol) [0x001E2328]\n\t(No symbol) [0x001E240B]\n\t(No symbol) [0x001D4FF7]\n\tBaseThreadInitThunk [0x75C67D59+25]\n\tRtlInitializeExceptionChain [0x7736B74B+107]\n\tRtlClearBits [0x7736B6CF+191]\n\t(No symbol) [0x00000000]", "trace": "self = <new_admin_demo.test.test_user_manage.TestClass_usermanage object at 0x0000024D54C351F0>, driver = <selenium.webdriver.chrome.webdriver.WebDriver (session=\"ae03fceff9df300a62be96e5eb35369c\")>\nget_data = {'case1': {'SIS_ID': 2023115, 'displayname': 202322, 'fullname': 202322, 'mail': '1921507475@qq.com', ...}}\n\n    @allure.story('账号管理')\n    @allure.title(\"创建账号\")\n    @pytest.mark.parametrize('get_data', yaml.safe_load(open('../datafile/test_datatext/test_create_user.yaml', encoding='utf-8')))\n    def test_create_user(self,driver,get_data):\n        keyword=get_data['case1']\n        fullname=keyword['fullname']\n        displayname=keyword['displayname']\n        SIS_ID=keyword['SIS_ID']\n        mail=keyword['mail']\n        new_pw=keyword['new_pw']\n        Create_user=Locator_Create_user(driver)\n        with allure.step('点击按钮跳出创建账号弹窗'):\n>           Create_user.click_user_create()\n\ntest_user_manage.py:128: \n_ _ _ _ _ _ _ _ _ _ _ _ _ _ _ _ _ _ _ _ _ _ _ _ _ _ _ _ _ _ _ _ _ _ _ _ _ _ _ _ _ _ _ _ _ _ _ _ _ _ _ _ _ _ _ _ _ _ _ _ _ _ _ _ _ _ _ _ _ _ _ _ _ _ _ _ _ _ _ _ _ _ _ _ _ _ _ _ _ _ _ _ _ _ _ _ _ _ _ _ _ _ _ \n..\\pages\\page_newadmin.py:147: in click_user_create\n    self.click_i(self.user_create)\n..\\pages\\base_action.py:37: in click_i\n    ele = self.find_element(location)\n..\\pages\\base_action.py:23: in find_element\n    return wait.until(lambda driver: self.driver.find_element(local_by, local_value))\nc:\\users\\user\\appdata\\local\\programs\\python\\python39\\lib\\site-packages\\selenium\\webdriver\\support\\wait.py:81: in until\n    value = method(self._driver)\n..\\pages\\base_action.py:23: in <lambda>\n    return wait.until(lambda driver: self.driver.find_element(local_by, local_value))\nc:\\users\\user\\appdata\\local\\programs\\python\\python39\\lib\\site-packages\\selenium\\webdriver\\remote\\webdriver.py:857: in find_element\n    return self.execute(Command.FIND_ELEMENT, {\nc:\\users\\user\\appdata\\local\\programs\\python\\python39\\lib\\site-packages\\selenium\\webdriver\\remote\\webdriver.py:435: in execute\n    self.error_handler.check_response(response)\n_ _ _ _ _ _ _ _ _ _ _ _ _ _ _ _ _ _ _ _ _ _ _ _ _ _ _ _ _ _ _ _ _ _ _ _ _ _ _ _ _ _ _ _ _ _ _ _ _ _ _ _ _ _ _ _ _ _ _ _ _ _ _ _ _ _ _ _ _ _ _ _ _ _ _ _ _ _ _ _ _ _ _ _ _ _ _ _ _ _ _ _ _ _ _ _ _ _ _ _ _ _ _ \n\nself = <selenium.webdriver.remote.errorhandler.ErrorHandler object at 0x0000024D54C35BE0>\nresponse = {'status': 404, 'value': '{\"value\":{\"error\":\"no such window\",\"message\":\"no such window: target window already closed\\\\...\\tRtlInitializeExceptionChain [0x7736B74B+107]\\\\n\\\\tRtlClearBits [0x7736B6CF+191]\\\\n\\\\t(No symbol) [0x00000000]\\\\n\"}}'}\n\n    def check_response(self, response: Dict[str, Any]) -> None:\n        \"\"\"\n        Checks that a JSON response from the WebDriver does not have an error.\n    \n        :Args:\n         - response - The JSON response from the WebDriver server as a dictionary\n           object.\n    \n        :Raises: If the response contains an error message.\n        \"\"\"\n        status = response.get('status', None)\n        if not status or status == ErrorCode.SUCCESS:\n            return\n        value = None\n        message = response.get(\"message\", \"\")\n        screen: str = response.get(\"screen\", \"\")\n        stacktrace = None\n        if isinstance(status, int):\n            value_json = response.get('value', None)\n            if value_json and isinstance(value_json, str):\n                import json\n                try:\n                    value = json.loads(value_json)\n                    if len(value.keys()) == 1:\n                        value = value['value']\n                    status = value.get('error', None)\n                    if not status:\n                        status = value.get(\"status\", ErrorCode.UNKNOWN_ERROR)\n                        message = value.get(\"value\") or value.get(\"message\")\n                        if not isinstance(message, str):\n                            value = message\n                            message = message.get('message')\n                    else:\n                        message = value.get('message', None)\n                except ValueError:\n                    pass\n    \n        exception_class: Type[WebDriverException]\n        if status in ErrorCode.NO_SUCH_ELEMENT:\n            exception_class = NoSuchElementException\n        elif status in ErrorCode.NO_SUCH_FRAME:\n            exception_class = NoSuchFrameException\n        elif status in ErrorCode.NO_SUCH_SHADOW_ROOT:\n            exception_class = NoSuchShadowRootException\n        elif status in ErrorCode.NO_SUCH_WINDOW:\n            exception_class = NoSuchWindowException\n        elif status in ErrorCode.STALE_ELEMENT_REFERENCE:\n            exception_class = StaleElementReferenceException\n        elif status in ErrorCode.ELEMENT_NOT_VISIBLE:\n            exception_class = ElementNotVisibleException\n        elif status in ErrorCode.INVALID_ELEMENT_STATE:\n            exception_class = InvalidElementStateException\n        elif status in ErrorCode.INVALID_SELECTOR \\\n                or status in ErrorCode.INVALID_XPATH_SELECTOR \\\n                or status in ErrorCode.INVALID_XPATH_SELECTOR_RETURN_TYPER:\n            exception_class = InvalidSelectorException\n        elif status in ErrorCode.ELEMENT_IS_NOT_SELECTABLE:\n            exception_class = ElementNotSelectableException\n        elif status in ErrorCode.ELEMENT_NOT_INTERACTABLE:\n            exception_class = ElementNotInteractableException\n        elif status in ErrorCode.INVALID_COOKIE_DOMAIN:\n            exception_class = InvalidCookieDomainException\n        elif status in ErrorCode.UNABLE_TO_SET_COOKIE:\n            exception_class = UnableToSetCookieException\n        elif status in ErrorCode.TIMEOUT:\n            exception_class = TimeoutException\n        elif status in ErrorCode.SCRIPT_TIMEOUT:\n            exception_class = TimeoutException\n        elif status in ErrorCode.UNKNOWN_ERROR:\n            exception_class = WebDriverException\n        elif status in ErrorCode.UNEXPECTED_ALERT_OPEN:\n            exception_class = UnexpectedAlertPresentException\n        elif status in ErrorCode.NO_ALERT_OPEN:\n            exception_class = NoAlertPresentException\n        elif status in ErrorCode.IME_NOT_AVAILABLE:\n            exception_class = ImeNotAvailableException\n        elif status in ErrorCode.IME_ENGINE_ACTIVATION_FAILED:\n            exception_class = ImeActivationFailedException\n        elif status in ErrorCode.MOVE_TARGET_OUT_OF_BOUNDS:\n            exception_class = MoveTargetOutOfBoundsException\n        elif status in ErrorCode.JAVASCRIPT_ERROR:\n            exception_class = JavascriptException\n        elif status in ErrorCode.SESSION_NOT_CREATED:\n            exception_class = SessionNotCreatedException\n        elif status in ErrorCode.INVALID_ARGUMENT:\n            exception_class = InvalidArgumentException\n        elif status in ErrorCode.NO_SUCH_COOKIE:\n            exception_class = NoSuchCookieException\n        elif status in ErrorCode.UNABLE_TO_CAPTURE_SCREEN:\n            exception_class = ScreenshotException\n        elif status in ErrorCode.ELEMENT_CLICK_INTERCEPTED:\n            exception_class = ElementClickInterceptedException\n        elif status in ErrorCode.INSECURE_CERTIFICATE:\n            exception_class = InsecureCertificateException\n        elif status in ErrorCode.INVALID_COORDINATES:\n            exception_class = InvalidCoordinatesException\n        elif status in ErrorCode.INVALID_SESSION_ID:\n            exception_class = InvalidSessionIdException\n        elif status in ErrorCode.UNKNOWN_METHOD:\n            exception_class = UnknownMethodException\n        else:\n            exception_class = WebDriverException\n        if not value:\n            value = response['value']\n        if isinstance(value, str):\n            raise exception_class(value)\n        if message == \"\" and 'message' in value:\n            message = value['message']\n    \n        screen = None  # type: ignore[assignment]\n        if 'screen' in value:\n            screen = value['screen']\n    \n        stacktrace = None\n        st_value = value.get('stackTrace') or value.get('stacktrace')\n        if st_value:\n            if isinstance(st_value, str):\n                stacktrace = st_value.split('\\n')\n            else:\n                stacktrace = []\n                try:\n                    for frame in st_value:\n                        line = self._value_or_default(frame, 'lineNumber', '')\n                        file = self._value_or_default(frame, 'fileName', '<anonymous>')\n                        if line:\n                            file = f\"{file}:{line}\"\n                        meth = self._value_or_default(frame, 'methodName', '<anonymous>')\n                        if 'className' in frame:\n                            meth = \"{}.{}\".format(frame['className'], meth)\n                        msg = \"    at %s (%s)\"\n                        msg = msg % (meth, file)\n                        stacktrace.append(msg)\n                except TypeError:\n                    pass\n        if exception_class == UnexpectedAlertPresentException:\n            alert_text = None\n            if 'data' in value:\n                alert_text = value['data'].get('text')\n            elif 'alert' in value:\n                alert_text = value['alert'].get('text')\n            raise exception_class(message, screen, stacktrace, alert_text)  # type: ignore[call-arg]  # mypy is not smart enough here\n>       raise exception_class(message, screen, stacktrace)\nE       selenium.common.exceptions.NoSuchWindowException: Message: no such window: target window already closed\nE       from unknown error: web view not found\nE         (Session info: chrome=114.0.5735.91)\nE       Stacktrace:\nE       Backtrace:\nE       \tGetHandleVerifier [0x0024A813+48355]\nE       \t(No symbol) [0x001DC4B1]\nE       \t(No symbol) [0x000E5358]\nE       \t(No symbol) [0x000CD293]\nE       \t(No symbol) [0x0012E37B]\nE       \t(No symbol) [0x0013C473]\nE       \t(No symbol) [0x0012A536]\nE       \t(No symbol) [0x001082DC]\nE       \t(No symbol) [0x001093DD]\nE       \tGetHandleVerifier [0x004AAABD+2539405]\nE       \tGetHandleVerifier [0x004EA78F+2800735]\nE       \tGetHandleVerifier [0x004E456C+2775612]\nE       \tGetHandleVerifier [0x002D51E0+616112]\nE       \t(No symbol) [0x001E5F8C]\nE       \t(No symbol) [0x001E2328]\nE       \t(No symbol) [0x001E240B]\nE       \t(No symbol) [0x001D4FF7]\nE       \tBaseThreadInitThunk [0x75C67D59+25]\nE       \tRtlInitializeExceptionChain [0x7736B74B+107]\nE       \tRtlClearBits [0x7736B6CF+191]\nE       \t(No symbol) [0x00000000]\n\nc:\\users\\user\\appdata\\local\\programs\\python\\python39\\lib\\site-packages\\selenium\\webdriver\\remote\\errorhandler.py:247: NoSuchWindowException"}, "steps": [{"name": "点击按钮跳出创建账号弹窗", "status": "broken", "statusDetails": {"message": "selenium.common.exceptions.NoSuchWindowException: Message: no such window: target window already closed\nfrom unknown error: web view not found\n  (Session info: chrome=114.0.5735.91)\nStacktrace:\nBacktrace:\n\tGetHandleVerifier [0x0024A813+48355]\n\t(No symbol) [0x001DC4B1]\n\t(No symbol) [0x000E5358]\n\t(No symbol) [0x000CD293]\n\t(No symbol) [0x0012E37B]\n\t(No symbol) [0x0013C473]\n\t(No symbol) [0x0012A536]\n\t(No symbol) [0x001082DC]\n\t(No symbol) [0x001093DD]\n\tGetHandleVerifier [0x004AAABD+2539405]\n\tGetHandleVerifier [0x004EA78F+2800735]\n\tGetHandleVerifier [0x004E456C+2775612]\n\tGetHandleVerifier [0x002D51E0+616112]\n\t(No symbol) [0x001E5F8C]\n\t(No symbol) [0x001E2328]\n\t(No symbol) [0x001E240B]\n\t(No symbol) [0x001D4FF7]\n\tBaseThreadInitThunk [0x75C67D59+25]\n\tRtlInitializeExceptionChain [0x7736B74B+107]\n\tRtlClearBits [0x7736B6CF+191]\n\t(No symbol) [0x00000000]\n\n", "trace": "  File \"C:\\UI_newadmin_ulearning(translation)\\new_admin_demo\\test\\test_user_manage.py\", line 128, in test_create_user\n    Create_user.click_user_create()\n  File \"C:\\UI_newadmin_ulearning(translation)\\new_admin_demo\\pages\\page_newadmin.py\", line 147, in click_user_create\n    self.click_i(self.user_create)\n  File \"C:\\UI_newadmin_ulearning(translation)\\new_admin_demo\\pages\\base_action.py\", line 37, in click_i\n    ele = self.find_element(location)\n  File \"C:\\UI_newadmin_ulearning(translation)\\new_admin_demo\\pages\\base_action.py\", line 23, in find_element\n    return wait.until(lambda driver: self.driver.find_element(local_by, local_value))\n  File \"c:\\users\\user\\appdata\\local\\programs\\python\\python39\\lib\\site-packages\\selenium\\webdriver\\support\\wait.py\", line 81, in until\n    value = method(self._driver)\n  File \"C:\\UI_newadmin_ulearning(translation)\\new_admin_demo\\pages\\base_action.py\", line 23, in <lambda>\n    return wait.until(lambda driver: self.driver.find_element(local_by, local_value))\n  File \"c:\\users\\user\\appdata\\local\\programs\\python\\python39\\lib\\site-packages\\selenium\\webdriver\\remote\\webdriver.py\", line 857, in find_element\n    return self.execute(Command.FIND_ELEMENT, {\n  File \"c:\\users\\user\\appdata\\local\\programs\\python\\python39\\lib\\site-packages\\selenium\\webdriver\\remote\\webdriver.py\", line 435, in execute\n    self.error_handler.check_response(response)\n  File \"c:\\users\\user\\appdata\\local\\programs\\python\\python39\\lib\\site-packages\\selenium\\webdriver\\remote\\errorhandler.py\", line 247, in check_response\n    raise exception_class(message, screen, stacktrace)\n"}, "start": 1688032566966, "stop": 1688032566970}], "parameters": [{"name": "get_data", "value": "{'case1': {'fullname': 202322, 'displayname': 202322, 'SIS_ID': 2023115, 'mail': '1921507475@qq.com', 'new_pw': 'wenhua123'}}"}], "start": 1688032566966, "stop": 1688032566970, "uuid": "3ee2b9b7-ecbc-4c67-b193-5e1bd23b77ad", "historyId": "3e63856fd56d6ddf0f3b9c07ace1c21d", "testCaseId": "70341dbb808fc1ea799f2ab59b10b528", "fullName": "test_user_manage.TestClass_usermanage#test_create_user", "labels": [{"name": "story", "value": "账号管理"}, {"name": "suite", "value": "test_user_manage"}, {"name": "subSuite", "value": "TestClass_usermanage"}, {"name": "host", "value": "DESKTOP-8HRET3J"}, {"name": "thread", "value": "41200-MainThread"}, {"name": "framework", "value": "pytest"}, {"name": "language", "value": "cpython3"}, {"name": "package", "value": "test_user_manage"}]}